<?xml version="1.0" encoding="UTF-8"?>
<robot generator="Robot 3.2.2 (Python 3.7.4 on win32)" generated="20201021 10:52:36.442" rpa="false">
<suite id="s1" name="webTest" source="D:\koushik\myGit\learnPython\webTesting\webTest.robot">
<test id="s1-t1" name="Login Validation">
<kw name="Log" library="BuiltIn">
<doc>Logs the given message with the given level.</doc>
<arguments>
<arg>D:\\koushik\\myGit\\learnPython\\webTesting\\libs\\webDrivers\\chromedriver.exe</arg>
</arguments>
<msg timestamp="20201021 10:52:36.762" level="INFO">D:\koushik\myGit\learnPython\webTesting\libs\webDrivers\chromedriver.exe</msg>
<status status="PASS" starttime="20201021 10:52:36.762" endtime="20201021 10:52:36.762"></status>
</kw>
<kw name="Open Browser" library="SeleniumLibrary">
<doc>Opens a new browser instance to the optional ``url``.</doc>
<arguments>
<arg>https://www.google.com</arg>
<arg>chrome</arg>
</arguments>
<msg timestamp="20201021 10:52:36.763" level="INFO">Opening browser 'chrome' to base url 'https://www.google.com'.</msg>
<kw name="Capture Page Screenshot" library="SeleniumLibrary">
<doc>Takes a screenshot of the current page and embeds it into a log file.</doc>
<msg timestamp="20201021 10:52:36.770" level="INFO">Cannot capture screenshot because no browser is open.</msg>
<status status="PASS" starttime="20201021 10:52:36.770" endtime="20201021 10:52:36.771"></status>
</kw>
<msg timestamp="20201021 10:52:36.775" level="FAIL">WebDriverException: Message: 'chromedriver' executable needs to be in PATH. Please see https://sites.google.com/a/chromium.org/chromedriver/home
</msg>
<status status="FAIL" starttime="20201021 10:52:36.763" endtime="20201021 10:52:36.775"></status>
</kw>
<kw name="Close Browser" library="SeleniumLibrary" type="teardown">
<doc>Closes the current browser.</doc>
<status status="PASS" starttime="20201021 10:52:36.776" endtime="20201021 10:52:36.776"></status>
</kw>
<doc>Login Valdiation for UI</doc>
<tags>
<tag>Smoke</tag>
</tags>
<status status="FAIL" starttime="20201021 10:52:36.761" endtime="20201021 10:52:36.777" critical="yes">WebDriverException: Message: 'chromedriver' executable needs to be in PATH. Please see https://sites.google.com/a/chromium.org/chromedriver/home
</status>
</test>
<doc>Framework For Web Testing</doc>
<status status="FAIL" starttime="20201021 10:52:36.446" endtime="20201021 10:52:36.779"></status>
</suite>
<statistics>
<total>
<stat pass="0" fail="1">Critical Tests</stat>
<stat pass="0" fail="1">All Tests</stat>
</total>
<tag>
<stat pass="0" fail="1">Smoke</stat>
</tag>
<suite>
<stat pass="0" fail="1" id="s1" name="webTest">webTest</stat>
</suite>
</statistics>
<errors>
</errors>
</robot>
